0 info it worked if it ends with ok
1 verbose cli [ 'C:\\Program Files\\nodejs\\\\node.exe',
1 verbose cli   'C:\\Program Files\\nodejs\\node_modules\\npm\\bin\\npm-cli.js',
1 verbose cli   'install',
1 verbose cli   'package.json' ]
2 info using npm@2.10.1
3 info using node@v0.12.4
4 verbose install initial load of I:\Dropbox\aprender universidades online\2015 miriadaX node.js\m6\myquiz\package.json
5 verbose readDependencies loading dependencies from I:\Dropbox\aprender universidades online\2015 miriadaX node.js\m6\myquiz\package.json
6 silly cache add args [ 'package.json', null ]
7 verbose cache add spec package.json
8 silly cache add parsed spec { raw: 'package.json',
8 silly cache add   scope: null,
8 silly cache add   name: null,
8 silly cache add   rawSpec: 'package.json',
8 silly cache add   spec: 'I:\\Dropbox\\aprender universidades online\\2015 miriadaX node.js\\m6\\myquiz\\package.json',
8 silly cache add   type: 'local' }
9 silly addLocalTarball shasum (computed) 014d6649c2cb3ff4806ef1535b6dd30627250629
10 verbose addTmpTarball I:\Dropbox\aprender universidades online\2015 miriadaX node.js\m6\myquiz\package.json not in flight; adding
11 verbose addTmpTarball validating metadata from I:\Dropbox\aprender universidades online\2015 miriadaX node.js\m6\myquiz\package.json
12 verbose tar unpack I:\Dropbox\aprender universidades online\2015 miriadaX node.js\m6\myquiz\package.json
13 verbose tar unpacking to C:\Users\juange\AppData\Local\Temp\npm-9040-58a2c02c\unpack-b7b3e7bf4439
14 silly gentlyRm C:\Users\juange\AppData\Local\Temp\npm-9040-58a2c02c\unpack-b7b3e7bf4439 is being purged
15 verbose gentlyRm don't care about contents; nuking C:\Users\juange\AppData\Local\Temp\npm-9040-58a2c02c\unpack-b7b3e7bf4439
16 silly gunzTarPerm modes [ '777', '666' ]
17 error not a package I:\Dropbox\aprender universidades online\2015 miriadaX node.js\m6\myquiz\package.json
18 error addLocal Could not install I:\Dropbox\aprender universidades online\2015 miriadaX node.js\m6\myquiz\package.json
19 verbose stack Error: ENOENT, open 'C:\Users\juange\AppData\Local\Temp\npm-9040-58a2c02c\unpack-b7b3e7bf4439\package.json'
19 verbose stack     at Error (native)
20 verbose cwd I:\Dropbox\aprender universidades online\2015 miriadaX node.js\m6\myquiz
21 error Windows_NT 6.1.7601
22 error argv "C:\\Program Files\\nodejs\\\\node.exe" "C:\\Program Files\\nodejs\\node_modules\\npm\\bin\\npm-cli.js" "install" "package.json"
23 error node v0.12.4
24 error npm  v2.10.1
25 error path C:\Users\juange\AppData\Local\Temp\npm-9040-58a2c02c\unpack-b7b3e7bf4439\package.json
26 error code ENOENT
27 error errno -4058
28 error enoent ENOENT, open 'C:\Users\juange\AppData\Local\Temp\npm-9040-58a2c02c\unpack-b7b3e7bf4439\package.json'
28 error enoent This is most likely not a problem with npm itself
28 error enoent and is related to npm not being able to find a file.
29 verbose exit [ -4058, true ]
